{
  "RSpec": {
    "coverage": {
      "/Users/jackbranch/Desktop/Makers Course Files/Week 4/TakeAwayWeb/app.rb": [
        1,
        1,
        null,
        1,
        null,
        1,
        1,
        null,
        1,
        null,
        null,
        null,
        null
      ],
      "/Users/jackbranch/Desktop/Makers Course Files/Week 4/TakeAwayWeb/spec/features/feature_1_itemlist_spec.rb": [
        1,
        1,
        1,
        1,
        null,
        null,
        1,
        5,
        null,
        null,
        1,
        2,
        null,
        null
      ],
      "/Users/jackbranch/Desktop/Makers Course Files/Week 4/TakeAwayWeb/spec/menu_spec.rb": [
        1,
        1,
        1,
        6,
        1,
        1,
        1,
        2,
        2,
        2,
        null,
        1,
        2,
        null,
        1,
        2,
        null,
        null,
        null
      ],
      "/Users/jackbranch/Desktop/Makers Course Files/Week 4/TakeAwayWeb/model/menu.rb": [
        1,
        null,
        1,
        null,
        1,
        null,
        1,
        5,
        null,
        null,
        1,
        null,
        5,
        5,
        5,
        5,
        null,
        5,
        null,
        null,
        1,
        5,
        0,
        null,
        null,
        null,
        null,
        null,
        null
      ],
      "/Users/jackbranch/Desktop/Makers Course Files/Week 4/TakeAwayWeb/spec/spec_variables.rb": [
        null,
        null,
        null,
        null,
        1,
        1,
        null,
        null,
        null,
        null,
        null
      ]
    },
    "timestamp": 1533129136
  }
}
