{
  "RSpec": {
    "coverage": {
      "/Users/jackbranch/Desktop/Makers Course Files/Week 4/TakeAwayWeb/app.rb": [
        1,
        1,
        1,
        1,
        1,
        null,
        1,
        1,
        1,
        null,
        1,
        63,
        null,
        null,
        1,
        18,
        18,
        null,
        null,
        1,
        27,
        27,
        27,
        null,
        null,
        1,
        2,
        2,
        null,
        null,
        1,
        5,
        null,
        null,
        1,
        7,
        7,
        null,
        null,
        1,
        2,
        2,
        null,
        null,
        1,
        2,
        null,
        null,
        1,
        null,
        null
      ],
      "/Users/jackbranch/Desktop/Makers Course Files/Week 4/TakeAwayWeb/model/db_processor.rb": [
        null,
        1,
        null,
        1,
        null,
        1,
        34,
        26,
        null,
        8,
        null,
        null,
        null,
        1,
        29,
        29,
        29,
        null,
        29,
        null,
        null,
        1,
        null,
        1,
        5,
        null,
        null,
        null,
        null,
        1,
        null,
        null,
        null,
        1,
        null,
        1,
        29,
        29,
        140,
        null,
        null,
        null,
        29,
        null,
        null
      ],
      "/Users/jackbranch/Desktop/Makers Course Files/Week 4/TakeAwayWeb/model/menu.rb": [
        1,
        null,
        1,
        null,
        1,
        null,
        1,
        31,
        31,
        null,
        null,
        1,
        32,
        null,
        null,
        null
      ],
      "/Users/jackbranch/Desktop/Makers Course Files/Week 4/TakeAwayWeb/model/order.rb": [
        null,
        1,
        null,
        1,
        null,
        1,
        63,
        null,
        null,
        1,
        19,
        null,
        null,
        1,
        35,
        35,
        null,
        null,
        1,
        25,
        25,
        null,
        null,
        1,
        10,
        8,
        8,
        null,
        null,
        1,
        33,
        72,
        null,
        null
      ],
      "/Users/jackbranch/Desktop/Makers Course Files/Week 4/TakeAwayWeb/spec/db_processor_spec.rb": [
        1,
        1,
        1,
        8,
        1,
        1,
        3,
        2,
        2,
        null,
        1,
        null,
        null,
        null,
        1,
        1,
        2,
        1,
        1,
        1,
        null,
        null,
        1,
        3,
        2,
        1,
        1,
        1,
        1,
        null,
        null,
        null,
        null,
        1,
        2,
        null,
        1,
        null,
        null,
        1,
        null,
        null,
        null
      ],
      "/Users/jackbranch/Desktop/Makers Course Files/Week 4/TakeAwayWeb/spec/spec_variables.rb": [
        null,
        null,
        null,
        null,
        1,
        9,
        null,
        null,
        null,
        null,
        null,
        null,
        1,
        242,
        null,
        null,
        null,
        null,
        1,
        15,
        15,
        75,
        null,
        null,
        null,
        null,
        null
      ],
      "/Users/jackbranch/Desktop/Makers Course Files/Week 4/TakeAwayWeb/spec/features/feature_1_itemlist_spec.rb": [
        1,
        2,
        1,
        1,
        1,
        5,
        5,
        null,
        null,
        null
      ],
      "/Users/jackbranch/Desktop/Makers Course Files/Week 4/TakeAwayWeb/spec/features/feature_2_add_to_basket_spec.rb": [
        1,
        1,
        4,
        4,
        null,
        1,
        1,
        null,
        1,
        1,
        null,
        1,
        null,
        1,
        null,
        1,
        1,
        1,
        null,
        null
      ],
      "/Users/jackbranch/Desktop/Makers Course Files/Week 4/TakeAwayWeb/spec/features/feature_3_remove_item_spec.rb": [
        1,
        1,
        2,
        2,
        2,
        null,
        1,
        1,
        1,
        1,
        null,
        1,
        1,
        1,
        1,
        null,
        null
      ],
      "/Users/jackbranch/Desktop/Makers Course Files/Week 4/TakeAwayWeb/spec/features/feature_4_placing_an_order_spec.rb": [
        1,
        1,
        1,
        2,
        2,
        2,
        2,
        null,
        1,
        1,
        1,
        1,
        1,
        1,
        null,
        1,
        1,
        1,
        2,
        1,
        null,
        null,
        null
      ],
      "/Users/jackbranch/Desktop/Makers Course Files/Week 4/TakeAwayWeb/spec/features/feature_5_devmode_spec.rb": [
        1,
        1,
        7,
        7,
        null,
        8,
        1,
        1,
        1,
        1,
        null,
        1,
        1,
        1,
        1,
        null,
        1,
        1,
        1,
        null,
        null,
        1,
        5,
        1,
        1,
        1,
        1,
        1,
        1,
        0,
        null,
        1,
        null,
        null,
        1,
        null,
        null,
        1,
        null,
        null,
        null,
        null
      ],
      "/Users/jackbranch/Desktop/Makers Course Files/Week 4/TakeAwayWeb/spec/menu_spec.rb": [
        1,
        1,
        1,
        5,
        5,
        5,
        1,
        5,
        1,
        2,
        2,
        null,
        1,
        2,
        2,
        null,
        null,
        null
      ],
      "/Users/jackbranch/Desktop/Makers Course Files/Week 4/TakeAwayWeb/spec/order_spec.rb": [
        1,
        1,
        17,
        11,
        6,
        1,
        1,
        2,
        2,
        2,
        null,
        null,
        1,
        7,
        1,
        2,
        1,
        1,
        1,
        null,
        null,
        1,
        5,
        2,
        2,
        3,
        1,
        1,
        2,
        null,
        null,
        null,
        1,
        1,
        2,
        2,
        1,
        2,
        1,
        3,
        2,
        1,
        1,
        1,
        1,
        null,
        null,
        1,
        1,
        2,
        6,
        null,
        1,
        1,
        1,
        null,
        1,
        1,
        1,
        null,
        null,
        null,
        null,
        null,
        1,
        1,
        2,
        2,
        null,
        1,
        2,
        null,
        null,
        null
      ]
    },
    "timestamp": 1533318715
  }
}
